<?xml version="1.0" encoding="UTF-8"?>
<!-- Generated by org.testng.reporters.JUnitXMLReporter -->
<testsuite ignored="0" hostname="INBOOK_Y2_PLUS" failures="0" tests="3" name="Default test" time="63.439" errors="0" timestamp="2025-12-28T02:37:08 IST">
  <testcase classname="scriptsTestCase.CountryPageTest" name="EditCountry" time="18.093"/>
  <testcase classname="scriptsTestCase.CountryPageTest" name="testAddCountryWithEmptyFields" time="3.37"/>
  <testcase classname="scriptsTestCase.CountryPageTest" name="testClearButtonFunctionality" time="3.65"/>
</testsuite> <!-- Default test -->
