<?xml version="1.0" encoding="UTF-8"?>
<!-- Generated by org.testng.reporters.JUnitXMLReporter -->
<testsuite ignored="0" hostname="INBOOK_Y2_PLUS" failures="1" tests="3" name="Test" time="121.862" errors="0" timestamp="2025-12-26T15:20:06 IST">
  <testcase classname="scripts.TestCase1" name="ContactUs" time="39.792"/>
  <testcase classname="scripts.TestCase2" name="ContactUs" time="50.462"/>
  <testcase classname="scripts.TestCase3" name="AboutUs" time="31.569">
    <failure type="org.openqa.selenium.ElementClickInterceptedException" message="element click intercepted: Element &amp;lt;a _ngcontent-fhg-c179=&amp;quot;&amp;quot; routerlink=&amp;quot;about-us&amp;quot; routerlinkactive=&amp;quot;route-active&amp;quot; href=&amp;quot;/about-us&amp;quot; style=&amp;quot;font-size: 16px;&amp;quot;&amp;gt;...&amp;lt;/a&amp;gt; is not clickable at point (997, 80). Other element would receive the click: &amp;lt;div _ngcontent-fhg-c181=&amp;quot;&amp;quot; class=&amp;quot;popup-container ng-star-inserted&amp;quot; style=&amp;quot;font-size: 16px;&amp;quot;&amp;gt;...&amp;lt;/div&amp;gt;
  (Session info: chrome=143.0.7499.170)
Build info: version: &amp;apos;4.20.0&amp;apos;, revision: &amp;apos;866c76ca80&amp;apos;
System info: os.name: &amp;apos;Windows 11&amp;apos;, os.arch: &amp;apos;amd64&amp;apos;, os.version: &amp;apos;10.0&amp;apos;, java.version: &amp;apos;21.0.2&amp;apos;
Driver info: org.openqa.selenium.chrome.ChromeDriver
Command: [2790f2784edf0b0a78a5522fc3f57086, clickElement {id=f.B0140D4C6DEBD84724EAC35AD6C2944A.d.C41563CFF52E075C5C8DE794AA914AC6.e.10}]
Capabilities {acceptInsecureCerts: false, browserName: chrome, browserVersion: 143.0.7499.170, chrome: {chromedriverVersion: 143.0.7499.169 (164b20aab62..., userDataDir: C:\Users\chand\AppData\Loca...}, fedcm:accounts: true, goog:chromeOptions: {debuggerAddress: localhost:52580}, goog:processID: 15328, networkConnectionEnabled: false, pageLoadStrategy: normal, platformName: windows, proxy: Proxy(), se:cdp: ws://localhost:52580/devtoo..., se:cdpVersion: 143.0.7499.170, setWindowRect: true, strictFileInteractability: false, timeouts: {implicit: 0, pageLoad: 300000, script: 30000}, unhandledPromptBehavior: dismiss and notify, webauthn:extension:credBlob: true, webauthn:extension:largeBlob: true, webauthn:extension:minPinLength: true, webauthn:extension:prf: true, webauthn:virtualAuthenticators: true}
Element: [[ChromeDriver: chrome on windows (2790f2784edf0b0a78a5522fc3f57086)] -&amp;gt; xpath: (//a[text()=&amp;apos;About Us&amp;apos;])[1]]
Session ID: 2790f2784edf0b0a78a5522fc3f57086">
      <![CDATA[org.openqa.selenium.ElementClickInterceptedException: element click intercepted: Element <a _ngcontent-fhg-c179="" routerlink="about-us" routerlinkactive="route-active" href="/about-us" style="font-size: 16px;">...</a> is not clickable at point (997, 80). Other element would receive the click: <div _ngcontent-fhg-c181="" class="popup-container ng-star-inserted" style="font-size: 16px;">...</div>
  (Session info: chrome=143.0.7499.170)
Build info: version: '4.20.0', revision: '866c76ca80'
System info: os.name: 'Windows 11', os.arch: 'amd64', os.version: '10.0', java.version: '21.0.2'
Driver info: org.openqa.selenium.chrome.ChromeDriver
Command: [2790f2784edf0b0a78a5522fc3f57086, clickElement {id=f.B0140D4C6DEBD84724EAC35AD6C2944A.d.C41563CFF52E075C5C8DE794AA914AC6.e.10}]
Capabilities {acceptInsecureCerts: false, browserName: chrome, browserVersion: 143.0.7499.170, chrome: {chromedriverVersion: 143.0.7499.169 (164b20aab62..., userDataDir: C:\Users\chand\AppData\Loca...}, fedcm:accounts: true, goog:chromeOptions: {debuggerAddress: localhost:52580}, goog:processID: 15328, networkConnectionEnabled: false, pageLoadStrategy: normal, platformName: windows, proxy: Proxy(), se:cdp: ws://localhost:52580/devtoo..., se:cdpVersion: 143.0.7499.170, setWindowRect: true, strictFileInteractability: false, timeouts: {implicit: 0, pageLoad: 300000, script: 30000}, unhandledPromptBehavior: dismiss and notify, webauthn:extension:credBlob: true, webauthn:extension:largeBlob: true, webauthn:extension:minPinLength: true, webauthn:extension:prf: true, webauthn:virtualAuthenticators: true}
Element: [[ChromeDriver: chrome on windows (2790f2784edf0b0a78a5522fc3f57086)] -> xpath: (//a[text()='About Us'])[1]]
Session ID: 2790f2784edf0b0a78a5522fc3f57086
at org.openqa.selenium.remote.ErrorCodec.decode(ErrorCodec.java:167)
at org.openqa.selenium.remote.codec.w3c.W3CHttpResponseCodec.decode(W3CHttpResponseCodec.java:138)
at org.openqa.selenium.remote.codec.w3c.W3CHttpResponseCodec.decode(W3CHttpResponseCodec.java:50)
at org.openqa.selenium.remote.HttpCommandExecutor.execute(HttpCommandExecutor.java:190)
at org.openqa.selenium.remote.service.DriverCommandExecutor.invokeExecute(DriverCommandExecutor.java:216)
at org.openqa.selenium.remote.service.DriverCommandExecutor.execute(DriverCommandExecutor.java:174)
at org.openqa.selenium.remote.RemoteWebDriver.execute(RemoteWebDriver.java:518)
at org.openqa.selenium.remote.RemoteWebElement.execute(RemoteWebElement.java:223)
at org.openqa.selenium.remote.RemoteWebElement.click(RemoteWebElement.java:76)
at scripts.TestCase3.AboutUs(TestCase3.java:34)
at java.base/java.util.ArrayList.forEach(ArrayList.java:1596)
... Removed 28 stack frames]]>
    </failure>
  </testcase> <!-- AboutUs -->
</testsuite> <!-- Test -->
