<?xml version="1.0" encoding="UTF-8"?>
<testng-results ignored="0" total="1" passed="1" failed="0" skipped="0">
  <reporter-output>
  </reporter-output>
  <suite started-at="2025-12-26T15:21:07 IST" name="Failed suite [Suite]" finished-at="2025-12-26T15:21:34 IST" duration-ms="26421">
    <groups>
    </groups>
    <test started-at="2025-12-26T15:21:07 IST" name="Test(failed)" finished-at="2025-12-26T15:21:34 IST" duration-ms="26421">
      <class name="scripts.TestCase3">
        <test-method signature="AboutUs()[pri:0, instance:scripts.TestCase3@795cd85e]" started-at="2025-12-26T15:21:07 IST" name="AboutUs" finished-at="2025-12-26T15:21:34 IST" duration-ms="26391" status="PASS">
          <reporter-output>
          </reporter-output>
        </test-method> <!-- AboutUs -->
      </class> <!-- scripts.TestCase3 -->
    </test> <!-- Test(failed) -->
  </suite> <!-- Failed suite [Suite] -->
</testng-results>
