<?xml version="1.0" encoding="UTF-8"?>
<testng-results ignored="0" total="3" passed="3" failed="0" skipped="0">
  <reporter-output>
  </reporter-output>
  <suite started-at="2025-12-26T15:50:38 IST" name="Suite" finished-at="2025-12-26T15:51:33 IST" duration-ms="54462">
    <groups>
    </groups>
    <test started-at="2025-12-26T15:50:38 IST" name="Test" finished-at="2025-12-26T15:51:33 IST" duration-ms="54462">
      <class name="scripts.TestCase1">
        <test-method signature="ContactUs()[pri:0, instance:scripts.TestCase1@6e171cd7]" started-at="2025-12-26T15:50:38 IST" name="ContactUs" finished-at="2025-12-26T15:50:53 IST" duration-ms="14738" status="PASS">
          <reporter-output>
          </reporter-output>
        </test-method> <!-- ContactUs -->
      </class> <!-- scripts.TestCase1 -->
      <class name="scripts.TestCase2">
        <test-method signature="ContactUs()[pri:0, instance:scripts.TestCase2@1d9b7cce]" started-at="2025-12-26T15:50:53 IST" name="ContactUs" finished-at="2025-12-26T15:51:10 IST" duration-ms="16542" status="PASS">
          <reporter-output>
          </reporter-output>
        </test-method> <!-- ContactUs -->
      </class> <!-- scripts.TestCase2 -->
      <class name="scripts.TestCase3">
        <test-method signature="AboutUs()[pri:0, instance:scripts.TestCase3@4d9e68d0]" started-at="2025-12-26T15:51:10 IST" name="AboutUs" finished-at="2025-12-26T15:51:33 IST" duration-ms="23146" status="PASS">
          <reporter-output>
          </reporter-output>
        </test-method> <!-- AboutUs -->
      </class> <!-- scripts.TestCase3 -->
    </test> <!-- Test -->
  </suite> <!-- Suite -->
</testng-results>
