<?xml version="1.0" encoding="UTF-8"?>
<!-- Generated by org.testng.reporters.JUnitReportReporter -->
<testsuite hostname="INBOOK_Y2_PLUS" failures="0" tests="3" name="scriptsTestCase.CountryPageTest" time="63.414" errors="0" timestamp="2025-12-28T02:37:08 IST" skipped="0">
  <testcase classname="scriptsTestCase.CountryPageTest" name="EditCountry" time="30.666"/>
  <system-out/>
  <testcase classname="scriptsTestCase.CountryPageTest" name="testAddCountryWithEmptyFields" time="16.740"/>
  <system-out/>
  <testcase classname="scriptsTestCase.CountryPageTest" name="testClearButtonFunctionality" time="16.008"/>
  <system-out/>
</testsuite> <!-- scriptsTestCase.CountryPageTest -->
